<?xml version="1.0" encoding="UTF-8"?>
<!-- Generated by org.testng.reporters.JUnitReportReporter -->
<testsuite hostname="DESKTOP-H4KB4OT" failures="0" tests="1" name="Test_Cases.Buy_A_Book" time="112.067" errors="0" timestamp="2022-02-05T19:38:52 BDT" skipped="0">
  <testcase classname="Test_Cases.Buy_A_Book" name="buyBook" time="112.067"/>
  <system-out/>
</testsuite> <!-- Test_Cases.Buy_A_Book -->
